  1.1.cpp
  1.cpp
  正在生成代码...
1.obj : error LNK2005: main 已经在 1.1.obj 中定义
D:\projects\Project8\x64\Debug\Project8.exe : fatal error LNK1169: 找到一个或多个多重定义的符号
